<?xml version="1.0" ?>
<!DOCTYPE coverage SYSTEM "http://cobertura.sourceforge.net/xml/coverage-04.dtd">
<coverage lines-valid="137" lines-covered="119" line-rate="0.8686" branches-valid="62" branches-covered="34" branch-rate="0.5484" timestamp="1570043504565" complexity="0" version="0.1">
  <sources>
    <source>C:\Users\FSantoro\WebstormProjects\nyc-test-folder-inside-src</source>
  </sources>
  <packages>
    <package name="src" line-rate="0.8234999999999999" branch-rate="0.5">
      <classes>
        <class name="ErrorBoundary.js" filename="src\ErrorBoundary.js" line-rate="0.6774" branch-rate="0.5">
          <methods>
            <method name="(anonymous_0)" hits="14" signature="()V">
              <lines>
                <line number="1" hits="14"/>
              </lines>
            </method>
            <method name="(anonymous_1)" hits="0" signature="()V">
              <lines>
                <line number="260" hits="0"/>
              </lines>
            </method>
            <method name="(anonymous_2)" hits="14" signature="()V">
              <lines>
                <line number="269" hits="14"/>
              </lines>
            </method>
            <method name="(anonymous_3)" hits="0" signature="()V">
              <lines>
                <line number="307" hits="0"/>
              </lines>
            </method>
          </methods>
          <lines>
            <line number="1" hits="14" branch="false"/>
            <line number="2" hits="14" branch="false"/>
            <line number="3" hits="14" branch="false"/>
            <line number="4" hits="14" branch="false"/>
            <line number="5" hits="14" branch="false"/>
            <line number="6" hits="14" branch="false"/>
            <line number="242" hits="14" branch="true" condition-coverage="50% (1/2)"/>
            <line number="244" hits="14" branch="true" condition-coverage="50% (2/4)"/>
            <line number="245" hits="0" branch="false"/>
            <line number="248" hits="14" branch="false"/>
            <line number="255" hits="14" branch="false"/>
            <line number="261" hits="0" branch="false"/>
            <line number="262" hits="0" branch="false"/>
            <line number="263" hits="0" branch="false"/>
            <line number="270" hits="14" branch="false"/>
            <line number="273" hits="14" branch="false"/>
            <line number="274" hits="14" branch="false"/>
            <line number="276" hits="14" branch="true" condition-coverage="50% (1/2)"/>
            <line number="277" hits="0" branch="false"/>
            <line number="278" hits="0" branch="false"/>
            <line number="279" hits="0" branch="false"/>
            <line number="281" hits="14" branch="false"/>
            <line number="284" hits="14" branch="false"/>
            <line number="285" hits="14" branch="false"/>
            <line number="291" hits="14" branch="false"/>
            <line number="298" hits="14" branch="false"/>
            <line number="305" hits="14" branch="false"/>
            <line number="307" hits="14" branch="false"/>
            <line number="308" hits="0" branch="false"/>
            <line number="309" hits="0" branch="false"/>
            <line number="310" hits="0" branch="false"/>
          </lines>
        </class>
        <class name="NotFound.tsx" filename="src\NotFound.tsx" line-rate="0.9333" branch-rate="0.5">
          <methods>
            <method name="(anonymous_0)" hits="14" signature="()V">
              <lines>
                <line number="1" hits="14"/>
              </lines>
            </method>
            <method name="(anonymous_1)" hits="1" signature="()V">
              <lines>
                <line number="80" hits="1"/>
              </lines>
            </method>
          </methods>
          <lines>
            <line number="1" hits="14" branch="false"/>
            <line number="2" hits="14" branch="false"/>
            <line number="3" hits="14" branch="false"/>
            <line number="4" hits="14" branch="false"/>
            <line number="5" hits="14" branch="false"/>
            <line number="6" hits="14" branch="false"/>
            <line number="68" hits="14" branch="true" condition-coverage="50% (1/2)"/>
            <line number="70" hits="14" branch="true" condition-coverage="50% (2/4)"/>
            <line number="71" hits="0" branch="false"/>
            <line number="74" hits="14" branch="false"/>
            <line number="79" hits="14" branch="false"/>
            <line number="80" hits="14" branch="false"/>
            <line number="81" hits="1" branch="false"/>
            <line number="82" hits="1" branch="false"/>
            <line number="83" hits="1" branch="false"/>
          </lines>
        </class>
        <class name="functions.ts" filename="src\functions.ts" line-rate="0.9545" branch-rate="0.5">
          <methods>
            <method name="(anonymous_0)" hits="14" signature="()V">
              <lines>
                <line number="1" hits="14"/>
              </lines>
            </method>
            <method name="(anonymous_1)" hits="39" signature="()V">
              <lines>
                <line number="144" hits="39"/>
              </lines>
            </method>
          </methods>
          <lines>
            <line number="1" hits="14" branch="false"/>
            <line number="2" hits="14" branch="false"/>
            <line number="3" hits="14" branch="false"/>
            <line number="4" hits="14" branch="false"/>
            <line number="5" hits="14" branch="false"/>
            <line number="6" hits="14" branch="false"/>
            <line number="134" hits="14" branch="true" condition-coverage="50% (1/2)"/>
            <line number="136" hits="14" branch="true" condition-coverage="50% (2/4)"/>
            <line number="137" hits="0" branch="false"/>
            <line number="140" hits="14" branch="false"/>
            <line number="143" hits="14" branch="false"/>
            <line number="144" hits="14" branch="false"/>
            <line number="145" hits="39" branch="false"/>
            <line number="146" hits="39" branch="false"/>
            <line number="147" hits="39" branch="false"/>
            <line number="148" hits="39" branch="false"/>
            <line number="149" hits="39" branch="false"/>
            <line number="151" hits="39" branch="false"/>
            <line number="152" hits="468" branch="false"/>
            <line number="153" hits="468" branch="false"/>
            <line number="156" hits="39" branch="false"/>
            <line number="157" hits="39" branch="false"/>
          </lines>
        </class>
      </classes>
    </package>
    <package name="src.App" line-rate="0.9167000000000001" branch-rate="0.5">
      <classes>
        <class name="style.ts" filename="src\App\style.ts" line-rate="0.9167000000000001" branch-rate="0.5">
          <methods>
            <method name="(anonymous_0)" hits="14" signature="()V">
              <lines>
                <line number="1" hits="14"/>
              </lines>
            </method>
          </methods>
          <lines>
            <line number="1" hits="14" branch="false"/>
            <line number="2" hits="14" branch="false"/>
            <line number="3" hits="14" branch="false"/>
            <line number="4" hits="14" branch="false"/>
            <line number="5" hits="14" branch="false"/>
            <line number="6" hits="14" branch="false"/>
            <line number="41" hits="14" branch="true" condition-coverage="50% (1/2)"/>
            <line number="43" hits="14" branch="true" condition-coverage="50% (2/4)"/>
            <line number="44" hits="0" branch="false"/>
            <line number="47" hits="14" branch="false"/>
            <line number="57" hits="14" branch="false"/>
            <line number="118" hits="14" branch="false"/>
          </lines>
        </class>
      </classes>
    </package>
    <package name="src.App.Footer" line-rate="0.9167000000000001" branch-rate="0.6667000000000001">
      <classes>
        <class name="FilterLink.tsx" filename="src\App\Footer\FilterLink.tsx" line-rate="0.9231" branch-rate="0.75">
          <methods>
            <method name="(anonymous_0)" hits="14" signature="()V">
              <lines>
                <line number="1" hits="14"/>
              </lines>
            </method>
            <method name="FilterLink" hits="98" signature="()V">
              <lines>
                <line number="176" hits="98"/>
              </lines>
            </method>
          </methods>
          <lines>
            <line number="1" hits="14" branch="false"/>
            <line number="2" hits="14" branch="false"/>
            <line number="3" hits="14" branch="false"/>
            <line number="4" hits="14" branch="false"/>
            <line number="5" hits="14" branch="false"/>
            <line number="6" hits="14" branch="false"/>
            <line number="161" hits="14" branch="true" condition-coverage="50% (1/2)"/>
            <line number="163" hits="14" branch="true" condition-coverage="50% (2/4)"/>
            <line number="164" hits="0" branch="false"/>
            <line number="167" hits="14" branch="false"/>
            <line number="179" hits="98" branch="false"/>
            <line number="180" hits="98" branch="false"/>
            <line number="181" hits="98" branch="false"/>
          </lines>
        </class>
        <class name="style.ts" filename="src\App\Footer\style.ts" line-rate="0.9091" branch-rate="0.5">
          <methods>
            <method name="(anonymous_0)" hits="14" signature="()V">
              <lines>
                <line number="1" hits="14"/>
              </lines>
            </method>
          </methods>
          <lines>
            <line number="1" hits="14" branch="false"/>
            <line number="2" hits="14" branch="false"/>
            <line number="3" hits="14" branch="false"/>
            <line number="4" hits="14" branch="false"/>
            <line number="5" hits="14" branch="false"/>
            <line number="6" hits="14" branch="false"/>
            <line number="30" hits="14" branch="true" condition-coverage="50% (1/2)"/>
            <line number="32" hits="14" branch="true" condition-coverage="50% (2/4)"/>
            <line number="33" hits="0" branch="false"/>
            <line number="36" hits="14" branch="false"/>
            <line number="45" hits="14" branch="false"/>
          </lines>
        </class>
      </classes>
    </package>
    <package name="src.App.Header" line-rate="0.9091" branch-rate="0.5">
      <classes>
        <class name="style.ts" filename="src\App\Header\style.ts" line-rate="0.9091" branch-rate="0.5">
          <methods>
            <method name="(anonymous_0)" hits="14" signature="()V">
              <lines>
                <line number="1" hits="14"/>
              </lines>
            </method>
          </methods>
          <lines>
            <line number="1" hits="14" branch="false"/>
            <line number="2" hits="14" branch="false"/>
            <line number="3" hits="14" branch="false"/>
            <line number="4" hits="14" branch="false"/>
            <line number="5" hits="14" branch="false"/>
            <line number="6" hits="14" branch="false"/>
            <line number="30" hits="14" branch="true" condition-coverage="50% (1/2)"/>
            <line number="32" hits="14" branch="true" condition-coverage="50% (2/4)"/>
            <line number="33" hits="0" branch="false"/>
            <line number="36" hits="14" branch="false"/>
            <line number="46" hits="14" branch="false"/>
          </lines>
        </class>
      </classes>
    </package>
    <package name="src.App.Item" line-rate="0.9091" branch-rate="0.5">
      <classes>
        <class name="style.ts" filename="src\App\Item\style.ts" line-rate="0.9091" branch-rate="0.5">
          <methods>
            <method name="(anonymous_0)" hits="14" signature="()V">
              <lines>
                <line number="1" hits="14"/>
              </lines>
            </method>
          </methods>
          <lines>
            <line number="1" hits="14" branch="false"/>
            <line number="2" hits="14" branch="false"/>
            <line number="3" hits="14" branch="false"/>
            <line number="4" hits="14" branch="false"/>
            <line number="5" hits="14" branch="false"/>
            <line number="6" hits="14" branch="false"/>
            <line number="30" hits="14" branch="true" condition-coverage="50% (1/2)"/>
            <line number="32" hits="14" branch="true" condition-coverage="50% (2/4)"/>
            <line number="33" hits="0" branch="false"/>
            <line number="36" hits="14" branch="false"/>
            <line number="46" hits="14" branch="false"/>
          </lines>
        </class>
      </classes>
    </package>
    <package name="src.App.TodoList" line-rate="0.9091" branch-rate="0.5">
      <classes>
        <class name="style.ts" filename="src\App\TodoList\style.ts" line-rate="0.9091" branch-rate="0.5">
          <methods>
            <method name="(anonymous_0)" hits="14" signature="()V">
              <lines>
                <line number="1" hits="14"/>
              </lines>
            </method>
          </methods>
          <lines>
            <line number="1" hits="14" branch="false"/>
            <line number="2" hits="14" branch="false"/>
            <line number="3" hits="14" branch="false"/>
            <line number="4" hits="14" branch="false"/>
            <line number="5" hits="14" branch="false"/>
            <line number="6" hits="14" branch="false"/>
            <line number="30" hits="14" branch="true" condition-coverage="50% (1/2)"/>
            <line number="32" hits="14" branch="true" condition-coverage="50% (2/4)"/>
            <line number="33" hits="0" branch="false"/>
            <line number="36" hits="14" branch="false"/>
            <line number="45" hits="14" branch="false"/>
          </lines>
        </class>
      </classes>
    </package>
  </packages>
</coverage>
