TN:
SF:C:\Users\FSantoro\WebstormProjects\nyc-test-folder-inside-src\src\ErrorBoundary.js
FN:1,(anonymous_0)
FN:260,(anonymous_1)
FN:269,(anonymous_2)
FN:307,(anonymous_3)
FNF:4
FNH:2
FNDA:14,(anonymous_0)
FNDA:0,(anonymous_1)
FNDA:14,(anonymous_2)
FNDA:0,(anonymous_3)
DA:1,14
DA:2,14
DA:3,14
DA:4,14
DA:5,14
DA:6,14
DA:242,14
DA:244,14
DA:245,0
DA:248,14
DA:255,14
DA:261,0
DA:262,0
DA:263,0
DA:270,14
DA:273,14
DA:274,14
DA:276,14
DA:277,0
DA:278,0
DA:279,0
DA:281,14
DA:284,14
DA:285,14
DA:291,14
DA:298,14
DA:305,14
DA:307,14
DA:308,0
DA:309,0
DA:310,0
LF:31
LH:21
BRDA:242,0,0,14
BRDA:242,0,1,0
BRDA:244,1,0,0
BRDA:244,1,1,14
BRDA:244,2,0,14
BRDA:244,2,1,0
BRDA:276,3,0,0
BRDA:276,3,1,14
BRF:8
BRH:4
end_of_record
TN:
SF:C:\Users\FSantoro\WebstormProjects\nyc-test-folder-inside-src\src\NotFound.tsx
FN:1,(anonymous_0)
FN:80,(anonymous_1)
FNF:2
FNH:2
FNDA:14,(anonymous_0)
FNDA:1,(anonymous_1)
DA:1,14
DA:2,14
DA:3,14
DA:4,14
DA:5,14
DA:6,14
DA:68,14
DA:70,14
DA:71,0
DA:74,14
DA:79,14
DA:80,14
DA:81,1
DA:82,1
DA:83,1
LF:15
LH:14
BRDA:68,0,0,14
BRDA:68,0,1,0
BRDA:70,1,0,0
BRDA:70,1,1,14
BRDA:70,2,0,14
BRDA:70,2,1,0
BRF:6
BRH:3
end_of_record
TN:
SF:C:\Users\FSantoro\WebstormProjects\nyc-test-folder-inside-src\src\functions.ts
FN:1,(anonymous_0)
FN:144,(anonymous_1)
FNF:2
FNH:2
FNDA:14,(anonymous_0)
FNDA:39,(anonymous_1)
DA:1,14
DA:2,14
DA:3,14
DA:4,14
DA:5,14
DA:6,14
DA:134,14
DA:136,14
DA:137,0
DA:140,14
DA:143,14
DA:144,14
DA:145,39
DA:146,39
DA:147,39
DA:148,39
DA:149,39
DA:151,39
DA:152,468
DA:153,468
DA:156,39
DA:157,39
LF:22
LH:21
BRDA:134,0,0,14
BRDA:134,0,1,0
BRDA:136,1,0,0
BRDA:136,1,1,14
BRDA:136,2,0,14
BRDA:136,2,1,0
BRF:6
BRH:3
end_of_record
TN:
SF:C:\Users\FSantoro\WebstormProjects\nyc-test-folder-inside-src\src\App\style.ts
FN:1,(anonymous_0)
FNF:1
FNH:1
FNDA:14,(anonymous_0)
DA:1,14
DA:2,14
DA:3,14
DA:4,14
DA:5,14
DA:6,14
DA:41,14
DA:43,14
DA:44,0
DA:47,14
DA:57,14
DA:118,14
LF:12
LH:11
BRDA:41,0,0,14
BRDA:41,0,1,0
BRDA:43,1,0,0
BRDA:43,1,1,14
BRDA:43,2,0,14
BRDA:43,2,1,0
BRF:6
BRH:3
end_of_record
TN:
SF:C:\Users\FSantoro\WebstormProjects\nyc-test-folder-inside-src\src\App\Footer\FilterLink.tsx
FN:1,(anonymous_0)
FN:176,FilterLink
FNF:2
FNH:2
FNDA:14,(anonymous_0)
FNDA:98,FilterLink
DA:1,14
DA:2,14
DA:3,14
DA:4,14
DA:5,14
DA:6,14
DA:161,14
DA:163,14
DA:164,0
DA:167,14
DA:179,98
DA:180,98
DA:181,98
LF:13
LH:12
BRDA:161,0,0,14
BRDA:161,0,1,0
BRDA:163,1,0,0
BRDA:163,1,1,14
BRDA:163,2,0,14
BRDA:163,2,1,0
BRDA:183,3,0,93
BRDA:183,3,1,5
BRDA:188,4,0,3
BRDA:188,4,1,95
BRDA:193,5,0,2
BRDA:193,5,1,96
BRF:12
BRH:9
end_of_record
TN:
SF:C:\Users\FSantoro\WebstormProjects\nyc-test-folder-inside-src\src\App\Footer\style.ts
FN:1,(anonymous_0)
FNF:1
FNH:1
FNDA:14,(anonymous_0)
DA:1,14
DA:2,14
DA:3,14
DA:4,14
DA:5,14
DA:6,14
DA:30,14
DA:32,14
DA:33,0
DA:36,14
DA:45,14
LF:11
LH:10
BRDA:30,0,0,14
BRDA:30,0,1,0
BRDA:32,1,0,0
BRDA:32,1,1,14
BRDA:32,2,0,14
BRDA:32,2,1,0
BRF:6
BRH:3
end_of_record
TN:
SF:C:\Users\FSantoro\WebstormProjects\nyc-test-folder-inside-src\src\App\Header\style.ts
FN:1,(anonymous_0)
FNF:1
FNH:1
FNDA:14,(anonymous_0)
DA:1,14
DA:2,14
DA:3,14
DA:4,14
DA:5,14
DA:6,14
DA:30,14
DA:32,14
DA:33,0
DA:36,14
DA:46,14
LF:11
LH:10
BRDA:30,0,0,14
BRDA:30,0,1,0
BRDA:32,1,0,0
BRDA:32,1,1,14
BRDA:32,2,0,14
BRDA:32,2,1,0
BRF:6
BRH:3
end_of_record
TN:
SF:C:\Users\FSantoro\WebstormProjects\nyc-test-folder-inside-src\src\App\Item\style.ts
FN:1,(anonymous_0)
FNF:1
FNH:1
FNDA:14,(anonymous_0)
DA:1,14
DA:2,14
DA:3,14
DA:4,14
DA:5,14
DA:6,14
DA:30,14
DA:32,14
DA:33,0
DA:36,14
DA:46,14
LF:11
LH:10
BRDA:30,0,0,14
BRDA:30,0,1,0
BRDA:32,1,0,0
BRDA:32,1,1,14
BRDA:32,2,0,14
BRDA:32,2,1,0
BRF:6
BRH:3
end_of_record
TN:
SF:C:\Users\FSantoro\WebstormProjects\nyc-test-folder-inside-src\src\App\TodoList\style.ts
FN:1,(anonymous_0)
FNF:1
FNH:1
FNDA:14,(anonymous_0)
DA:1,14
DA:2,14
DA:3,14
DA:4,14
DA:5,14
DA:6,14
DA:30,14
DA:32,14
DA:33,0
DA:36,14
DA:45,14
LF:11
LH:10
BRDA:30,0,0,14
BRDA:30,0,1,0
BRDA:32,1,0,0
BRDA:32,1,1,14
BRDA:32,2,0,14
BRDA:32,2,1,0
BRF:6
BRH:3
end_of_record
